<?xml version="1.0" encoding="UTF-8"?>
<!-- Generated by org.testng.reporters.JUnitReportReporter -->
<testsuite hostname="DESKTOP-ND17JER" failures="0" tests="1" name="Pack1.HelloWorld" time="0.009" errors="0" timestamp="2021-03-05T10:32:11 PST" skipped="0">
  <testcase classname="Pack1.HelloWorld" name="testHelloWorld" time="0.009"/>
  <system-out/>
</testsuite> <!-- Pack1.HelloWorld -->
